开始时间: 2024-04-09 18:55:12
----------正在进行基于Z_score归一化方法、皮尔逊相关系数法特征选择方法、SVM模型的网格搜索交叉验证----------
SVM的最优参数：{'C': 0.1, 'gamma': 'scale', 'kernel': 'linear', 'tol': 0.0001}
归一化方法：Z_score，特征选择方法：皮尔逊相关系数法，特征数：5，模型：SVM，测试集MSE：4419.646394871628
----------正在进行基于Z_score归一化方法、皮尔逊相关系数法特征选择方法、BP神经网络模型的网格搜索交叉验证----------
BP神经网络的最优参数：{'activation': 'tanh', 'hidden_layer_sizes': (150, 150, 150), 'learning_rate_init': 0.01, 'solver': 'sgd'}
归一化方法：Z_score，特征选择方法：皮尔逊相关系数法，特征数：5，模型：BP神经网络，测试集MSE：4077.88115418844
----------正在进行基于Z_score归一化方法、SVM法特征选择方法、SVM模型的网格搜索交叉验证----------
SVM的最优参数：{'C': 1, 'gamma': 'scale', 'kernel': 'linear', 'tol': 0.001}
归一化方法：Z_score，特征选择方法：SVM法，特征数：5，模型：SVM，测试集MSE：3557.4884738987457
----------正在进行基于Z_score归一化方法、SVM法特征选择方法、BP神经网络模型的网格搜索交叉验证----------
BP神经网络的最优参数：{'activation': 'logistic', 'hidden_layer_sizes': (100, 100, 100), 'learning_rate_init': 0.01, 'solver': 'adam'}
归一化方法：Z_score，特征选择方法：SVM法，特征数：5，模型：BP神经网络，测试集MSE：3804.750822514099
----------正在进行基于min_max归一化方法、皮尔逊相关系数法特征选择方法、SVM模型的网格搜索交叉验证----------
SVM的最优参数：{'C': 10, 'gamma': 'auto', 'kernel': 'sigmoid', 'tol': 0.001}
归一化方法：min_max，特征选择方法：皮尔逊相关系数法，特征数：5，模型：SVM，测试集MSE：7961.536359390174
----------正在进行基于min_max归一化方法、皮尔逊相关系数法特征选择方法、BP神经网络模型的网格搜索交叉验证----------
BP神经网络的最优参数：{'activation': 'relu', 'hidden_layer_sizes': (100, 100, 100), 'learning_rate_init': 0.01, 'solver': 'adam'}
归一化方法：min_max，特征选择方法：皮尔逊相关系数法，特征数：5，模型：BP神经网络，测试集MSE：4396.177623395221
----------正在进行基于min_max归一化方法、SVM法特征选择方法、SVM模型的网格搜索交叉验证----------
SVM的最优参数：{'C': 10, 'gamma': 'auto', 'kernel': 'sigmoid', 'tol': 0.001}
归一化方法：min_max，特征选择方法：SVM法，特征数：5，模型：SVM，测试集MSE：6970.341731051478
----------正在进行基于min_max归一化方法、SVM法特征选择方法、BP神经网络模型的网格搜索交叉验证----------
BP神经网络的最优参数：{'activation': 'relu', 'hidden_layer_sizes': (150, 150, 150), 'learning_rate_init': 0.01, 'solver': 'adam'}
归一化方法：min_max，特征选择方法：SVM法，特征数：5，模型：BP神经网络，测试集MSE：2445.461988793351
最优模型：BP神经网络，最优特征：Index(['one_Discharge', 'Prcp', 'Tmin', 'one_Prcp', 'Vp'], dtype='object')，最优特征选择方法：SVM法，最优归一化方法：min_max，测试集MSE：2445.461988793351
结束时间: 2024-04-09 19:23:52
